C:\Program Files\Microsoft Visual Studio\2022\Enterprise\MSBuild\Microsoft\VC\v170\Microsoft.CppBuild.targets(534,5): warning MSB8028: The intermediate directory (Debug\) contains files shared from another project (Win32SimpleSample.vcxproj).  This can lead to incorrect clean and rebuild behavior.
  ToolMain.cpp
  _WIN32_WINNT not defined. Defaulting to _WIN32_WINNT_MAXVER (see WinSDKVer.h)
M:\CMP 405\Assessment\CMP-405-Assessment\WFFC-Edit-master\WOFFCEdit\ToolMain.cpp(93,46): warning C4244: '=': conversion from 'double' to 'float', possible loss of data
M:\CMP 405\Assessment\CMP-405-Assessment\WFFC-Edit-master\WOFFCEdit\ToolMain.cpp(94,46): warning C4244: '=': conversion from 'double' to 'float', possible loss of data
M:\CMP 405\Assessment\CMP-405-Assessment\WFFC-Edit-master\WOFFCEdit\ToolMain.cpp(95,46): warning C4244: '=': conversion from 'double' to 'float', possible loss of data
M:\CMP 405\Assessment\CMP-405-Assessment\WFFC-Edit-master\WOFFCEdit\ToolMain.cpp(96,46): warning C4244: '=': conversion from 'double' to 'float', possible loss of data
M:\CMP 405\Assessment\CMP-405-Assessment\WFFC-Edit-master\WOFFCEdit\ToolMain.cpp(97,46): warning C4244: '=': conversion from 'double' to 'float', possible loss of data
M:\CMP 405\Assessment\CMP-405-Assessment\WFFC-Edit-master\WOFFCEdit\ToolMain.cpp(98,46): warning C4244: '=': conversion from 'double' to 'float', possible loss of data
M:\CMP 405\Assessment\CMP-405-Assessment\WFFC-Edit-master\WOFFCEdit\ToolMain.cpp(99,46): warning C4244: '=': conversion from 'double' to 'float', possible loss of data
M:\CMP 405\Assessment\CMP-405-Assessment\WFFC-Edit-master\WOFFCEdit\ToolMain.cpp(100,46): warning C4244: '=': conversion from 'double' to 'float', possible loss of data
M:\CMP 405\Assessment\CMP-405-Assessment\WFFC-Edit-master\WOFFCEdit\ToolMain.cpp(101,46): warning C4244: '=': conversion from 'double' to 'float', possible loss of data
M:\CMP 405\Assessment\CMP-405-Assessment\WFFC-Edit-master\WOFFCEdit\ToolMain.cpp(113,48): warning C4244: '=': conversion from 'double' to 'float', possible loss of data
M:\CMP 405\Assessment\CMP-405-Assessment\WFFC-Edit-master\WOFFCEdit\ToolMain.cpp(114,48): warning C4244: '=': conversion from 'double' to 'float', possible loss of data
M:\CMP 405\Assessment\CMP-405-Assessment\WFFC-Edit-master\WOFFCEdit\ToolMain.cpp(115,48): warning C4244: '=': conversion from 'double' to 'float', possible loss of data
M:\CMP 405\Assessment\CMP-405-Assessment\WFFC-Edit-master\WOFFCEdit\ToolMain.cpp(119,48): warning C4244: '=': conversion from 'double' to 'float', possible loss of data
M:\CMP 405\Assessment\CMP-405-Assessment\WFFC-Edit-master\WOFFCEdit\ToolMain.cpp(120,47): warning C4244: '=': conversion from 'double' to 'float', possible loss of data
M:\CMP 405\Assessment\CMP-405-Assessment\WFFC-Edit-master\WOFFCEdit\ToolMain.cpp(121,42): warning C4244: '=': conversion from 'int' to 'float', possible loss of data
M:\CMP 405\Assessment\CMP-405-Assessment\WFFC-Edit-master\WOFFCEdit\ToolMain.cpp(125,50): warning C4244: '=': conversion from 'double' to 'int', possible loss of data
M:\CMP 405\Assessment\CMP-405-Assessment\WFFC-Edit-master\WOFFCEdit\ToolMain.cpp(126,50): warning C4244: '=': conversion from 'double' to 'int', possible loss of data
M:\CMP 405\Assessment\CMP-405-Assessment\WFFC-Edit-master\WOFFCEdit\ToolMain.cpp(136,57): warning C4244: '=': conversion from 'double' to 'float', possible loss of data
M:\CMP 405\Assessment\CMP-405-Assessment\WFFC-Edit-master\WOFFCEdit\ToolMain.cpp(137,57): warning C4244: '=': conversion from 'double' to 'float', possible loss of data
M:\CMP 405\Assessment\CMP-405-Assessment\WFFC-Edit-master\WOFFCEdit\ToolMain.cpp(138,57): warning C4244: '=': conversion from 'double' to 'float', possible loss of data
M:\CMP 405\Assessment\CMP-405-Assessment\WFFC-Edit-master\WOFFCEdit\ToolMain.cpp(139,58): warning C4244: '=': conversion from 'double' to 'float', possible loss of data
M:\CMP 405\Assessment\CMP-405-Assessment\WFFC-Edit-master\WOFFCEdit\ToolMain.cpp(140,58): warning C4244: '=': conversion from 'double' to 'float', possible loss of data
M:\CMP 405\Assessment\CMP-405-Assessment\WFFC-Edit-master\WOFFCEdit\ToolMain.cpp(141,58): warning C4244: '=': conversion from 'double' to 'float', possible loss of data
M:\CMP 405\Assessment\CMP-405-Assessment\WFFC-Edit-master\WOFFCEdit\ToolMain.cpp(142,59): warning C4244: '=': conversion from 'double' to 'float', possible loss of data
M:\CMP 405\Assessment\CMP-405-Assessment\WFFC-Edit-master\WOFFCEdit\ToolMain.cpp(143,56): warning C4244: '=': conversion from 'double' to 'float', possible loss of data
M:\CMP 405\Assessment\CMP-405-Assessment\WFFC-Edit-master\WOFFCEdit\ToolMain.cpp(144,54): warning C4244: '=': conversion from 'double' to 'float', possible loss of data
M:\CMP 405\Assessment\CMP-405-Assessment\WFFC-Edit-master\WOFFCEdit\ToolMain.cpp(145,57): warning C4244: '=': conversion from 'double' to 'float', possible loss of data
  Win32SimpleSample.vcxproj -> M:\CMP 405\Assessment\CMP-405-Assessment\WFFC-Edit-master\WOFFCEdit\Debug\WoFEdit.exe
